
<hr> <pre>
1920x1080. Failed test: TestExample#hardcoreExample()
Actual and expected screenshots are not the same. Diff size = 1824761 expected [true] but found [false]
</pre>
<hr> <pre>
1920x1080. Failed test: TestExample#ignorePageElementsExample()
Actual and expected screenshots are not the same. Diff size = 4402410 expected [true] but found [false]
</pre>
<hr> <pre>
1920x1080. Failed test: TestExample#indexPage()
Actual and expected screenshots are not the same. Diff size = 4428783 expected [true] but found [false]
</pre>
<hr> <pre>
1920x1080. Failed test: TestExample#indexPageElement()
no such element: Unable to locate element: {"method":"css selector","selector":"a.full.forge"}
  (Session info: chrome=88.0.4324.150)
For documentation on this error, please visit: https://www.seleniumhq.org/exceptions/no_such_element.html
Build info: version: '3.141.59', revision: 'e82be7d358', time: '2018-11-14T08:17:03'
System info: host: 'DESKTOP-BN0SG4N', ip: '172.30.30.6', os.name: 'Windows 10', os.arch: 'amd64', os.version: '10.0', java.version: '1.8.0_162'
Driver info: org.openqa.selenium.remote.RemoteWebDriver
Capabilities {acceptInsecureCerts: false, agentName: US-SelWin, browserName: chrome, browserVersion: 88.0.4324.150, chrome: {chromedriverVersion: 88.0.4324.96 (68dba2d8a0b14..., userDataDir: C:\Users\uscloud\AppData\Lo...}, goog:chromeOptions: {debuggerAddress: localhost:50701}, javascriptEnabled: true, networkConnectionEnabled: false, pageLoadStrategy: normal, platform: WINDOWS, platformName: WINDOWS, proxy: Proxy(), reportUrl: https://uscloud.experitest...., sessionId: 69a3557ebab6fcfd7ecd1be3631..., setWindowRect: true, strictFileInteractability: false, timeouts: {implicit: 0, pageLoad: 300000, script: 30000}, unhandledPromptBehavior: dismiss and notify, viewUrl: https://uscloud.experitest...., webauthn:extension:largeBlob: true, webauthn:virtualAuthenticators: true, webdriver.remote.sessionid: 69a3557ebab6fcfd7ecd1be3631...}
Session ID: 69a3557ebab6fcfd7ecd1be3631e9649
*** Element info: {Using=css selector, value=a.full.forge}
</pre>
